Using pre-set license

 COMMAND LINE ARGUMENTS:
/Applications/Unity/Hub/Editor/2020.2.4f1/Unity.app/Contents/MacOS/Unity
-adb2
-batchMode
-noUpm
-name
AssetImportWorker0
-projectPath
/Users/haj/[BRGD]/typing-game/BRGD-Typing-Game
-logFile
Logs/AssetImportWorker0.log
-srvPort
60832
Successfully changed project path to: /Users/haj/[BRGD]/typing-game/BRGD-Typing-Game
/Users/haj/[BRGD]/typing-game/BRGD-Typing-Game
Using Asset Import Pipeline V2.
Refreshing native plugins compatible for Editor in 46.68 ms, found 2 plugins.
Preloading 0 native plugins for Editor in 0.00 ms.
Initialize engine version: 2020.2.4f1 (becced5a802b)
[Subsystems] Discovering subsystems at path /Applications/Unity/Hub/Editor/2020.2.4f1/Unity.app/Contents/Resources/UnitySubsystems
[Subsystems] Discovering subsystems at path /Users/haj/[BRGD]/typing-game/BRGD-Typing-Game/Assets
GfxDevice: creating device client; threaded=0
2021-02-13 14:56:06.809 Unity[25859:10930994] Color LCD preferred device: AMD Radeon Pro 560X (high power)
2021-02-13 14:56:06.809 Unity[25859:10930994] Metal devices available: 2
2021-02-13 14:56:06.809 Unity[25859:10930994] 0: AMD Radeon Pro 560X (high power)
2021-02-13 14:56:06.809 Unity[25859:10930994] 1: Intel(R) UHD Graphics 630 (low power)
2021-02-13 14:56:06.809 Unity[25859:10930994] Using device AMD Radeon Pro 560X (high power)
Initializing Metal device caps: AMD Radeon Pro 560X
Initialize mono
Mono path[0] = '/Applications/Unity/Hub/Editor/2020.2.4f1/Unity.app/Contents/Managed'
Mono path[1] = '/Applications/Unity/Hub/Editor/2020.2.4f1/Unity.app/Contents/MonoBleedingEdge/lib/mono/unityjit'
Mono config path = '/Applications/Unity/Hub/Editor/2020.2.4f1/Unity.app/Contents/MonoBleedingEdge/etc'
Using monoOptions --debugger-agent=transport=dt_socket,embedding=1,server=y,suspend=n,address=127.0.0.1:56859
Begin MonoManager ReloadAssembly
Registering precompiled unity dll's ...
Register platform support module: /Applications/Unity/Hub/Editor/2020.2.4f1/Unity.app/Contents/PlaybackEngines/MacStandaloneSupport/UnityEditor.OSXStandalone.Extensions.dll
Register platform support module: /Applications/Unity/Hub/Editor/2020.2.4f1/PlaybackEngines/WindowsStandaloneSupport/UnityEditor.WindowsStandalone.Extensions.dll
Registered in 0.000949 seconds.
Native extension for WindowsStandalone target not found
Native extension for OSXStandalone target not found
Refreshing native plugins compatible for Editor in 45.41 ms, found 2 plugins.
Preloading 0 native plugins for Editor in 0.00 ms.
Invoked RoslynAnalysisRunner static constructor.
RoslynAnalysisRunner will not be running.
RoslynAnalysisRunner has terminated.
Mono: successfully reloaded assembly
- Completed reload, in  4.361 seconds
Platform modules already initialized, skipping
Registering precompiled user dll's ...
Registered in 0.000986 seconds.
Begin MonoManager ReloadAssembly
Native extension for WindowsStandalone target not found
Native extension for OSXStandalone target not found
Refreshing native plugins compatible for Editor in 46.44 ms, found 2 plugins.
Preloading 0 native plugins for Editor in 0.00 ms.
Invoked RoslynAnalysisRunner static constructor.
RoslynAnalysisRunner will not be running.
RoslynAnalysisRunner has terminated.
Mono: successfully reloaded assembly
- Completed reload, in  1.350 seconds
Platform modules already initialized, skipping
========================================================================
Worker process is ready to serve import requests
Launching external process: /Applications/Unity/Hub/Editor/2020.2.4f1/Unity.app/Contents/Tools/UnityShaderCompiler
Launched and connected shader compiler UnityShaderCompiler after 0.02 seconds
Refreshing native plugins compatible for Editor in 0.52 ms, found 2 plugins.
Preloading 0 native plugins for Editor in 0.00 ms.
Unloading 1797 Unused Serialized files (Serialized files now loaded: 0)
System memory in use before: 147.7 MB.
System memory in use after: 147.7 MB.

Unloading 24 unused Assets to reduce memory usage. Loaded Objects now: 2238.
Total: 2.463963 ms (FindLiveObjects: 0.319218 ms CreateObjectMapping: 0.131147 ms MarkObjects: 1.857991 ms  DeleteObjects: 0.154202 ms)

========================================================================
Received Import Request.
  path: Assets/Scripts
  artifactKey: Guid(d57f66103faa742628531ddfd74c7a67) Importer(815301076,1909f56bfc062723c751e8b465ee728b)
Start importing Assets/Scripts using Guid(d57f66103faa742628531ddfd74c7a67) Importer(815301076,1909f56bfc062723c751e8b465ee728b)  -> (artifact id: 'c4077b0807859f77ffbc7ffbb78282d2') in 0.005101 seconds
  Import took 0.009078 seconds .

========================================================================
Received Import Request.
  Time since last request: 1.220526 seconds.
  path: Assets/Prefabs
  artifactKey: Guid(1b14c1c68c9c1476195ed3ec02ac9a21) Importer(815301076,1909f56bfc062723c751e8b465ee728b)
Start importing Assets/Prefabs using Guid(1b14c1c68c9c1476195ed3ec02ac9a21) Importer(815301076,1909f56bfc062723c751e8b465ee728b)  -> (artifact id: 'e7ef9f6fa73888ced27981793cd0d050') in 0.001743 seconds
  Import took 0.007137 seconds .

========================================================================
Received Import Request.
  Time since last request: 0.000633 seconds.
  path: Assets/Prefabs
  artifactKey: Guid(1b14c1c68c9c1476195ed3ec02ac9a21) Importer(815301076,1909f56bfc062723c751e8b465ee728b)
Start importing Assets/Prefabs using Guid(1b14c1c68c9c1476195ed3ec02ac9a21) Importer(815301076,1909f56bfc062723c751e8b465ee728b)  -> (artifact id: 'e7ef9f6fa73888ced27981793cd0d050') in 0.001536 seconds
  Import took 0.005364 seconds .

========================================================================
Received Import Request.
  Time since last request: 6.633357 seconds.
  path: Assets
  artifactKey: Guid(00000000000000001000000000000000) Importer(815301076,1909f56bfc062723c751e8b465ee728b)
Start importing Assets using Guid(00000000000000001000000000000000) Importer(815301076,1909f56bfc062723c751e8b465ee728b)  -> (artifact id: 'edc3feb264a98656617d3c2cb59c8f16') in 0.001522 seconds
  Import took 0.006233 seconds .

========================================================================
Received Import Request.
  Time since last request: 12.968109 seconds.
  path: Assets/Sprites
  artifactKey: Guid(81d035e4e913d48ee99e845c142a344d) Importer(815301076,1909f56bfc062723c751e8b465ee728b)
Start importing Assets/Sprites using Guid(81d035e4e913d48ee99e845c142a344d) Importer(815301076,1909f56bfc062723c751e8b465ee728b)  -> (artifact id: '295535d2a0b6053bf320f320cd082aeb') in 0.003019 seconds
  Import took 0.006916 seconds .

========================================================================
Received Import Request.
  Time since last request: 5.882445 seconds.
  path: Assets/Materials
  artifactKey: Guid(0334d8608a30041558fd41d3b5bc199d) Importer(815301076,1909f56bfc062723c751e8b465ee728b)
Start importing Assets/Materials using Guid(0334d8608a30041558fd41d3b5bc199d) Importer(815301076,1909f56bfc062723c751e8b465ee728b)  -> (artifact id: 'ca2ac36398d1f613f8156a901f55d43b') in 0.002078 seconds
  Import took 0.005640 seconds .

========================================================================
Received Import Request.
  Time since last request: 3.799404 seconds.
  path: Assets/Sounds
  artifactKey: Guid(02306953128cf47e09854cdf02f63cb6) Importer(815301076,1909f56bfc062723c751e8b465ee728b)
Start importing Assets/Sounds using Guid(02306953128cf47e09854cdf02f63cb6) Importer(815301076,1909f56bfc062723c751e8b465ee728b)  -> (artifact id: 'b0b940d6fca599e8fd6fb8f3e78bdc26') in 0.002151 seconds
  Import took 0.005928 seconds .

========================================================================
Received Import Request.
  Time since last request: 8.736319 seconds.
  path: Assets/UI
  artifactKey: Guid(5d5be9dfed59a4747b09b5cd7e2264f4) Importer(815301076,1909f56bfc062723c751e8b465ee728b)
Start importing Assets/UI using Guid(5d5be9dfed59a4747b09b5cd7e2264f4) Importer(815301076,1909f56bfc062723c751e8b465ee728b)  -> (artifact id: '95eba12f4f38c7ea6cf61c19d94d0db0') in 0.001991 seconds
  Import took 0.005228 seconds .

========================================================================
Received Import Request.
  Time since last request: 100.689367 seconds.
  path: Assets/Data
  artifactKey: Guid(8ceb4cd776b16409ea95a85793a449f1) Importer(815301076,1909f56bfc062723c751e8b465ee728b)
Start importing Assets/Data using Guid(8ceb4cd776b16409ea95a85793a449f1) Importer(815301076,1909f56bfc062723c751e8b465ee728b)  -> (artifact id: '237776103d6481f7aa16b661f54d0c22') in 0.002635 seconds
  Import took 0.006515 seconds .

========================================================================
Received Import Request.
  Time since last request: 0.002313 seconds.
  path: Assets/Data
  artifactKey: Guid(8ceb4cd776b16409ea95a85793a449f1) Importer(815301076,1909f56bfc062723c751e8b465ee728b)
Start importing Assets/Data using Guid(8ceb4cd776b16409ea95a85793a449f1) Importer(815301076,1909f56bfc062723c751e8b465ee728b)  -> (artifact id: '237776103d6481f7aa16b661f54d0c22') in 0.002141 seconds
  Import took 0.005383 seconds .

